<?xml version="1.0" encoding="UTF-8"?>
<!-- Generated by org.testng.reporters.JUnitXMLReporter -->
<testsuite ignored="0" hostname="LAPTOP-I1LONDHL" failures="0" tests="4" name="Default test" time="204.947" errors="0" timestamp="2022-10-11T12:28:39 IST">
  <testcase classname="com.ecommerce.Automation" name="LaunchChrome" time="2.028"/>
  <testcase classname="com.ecommerce.Automation" name="LaunchFirefox" time="4.015"/>
  <testcase classname="com.ecommerce.Automation" name="f" time="51.003"/>
  <testcase classname="com.ecommerce.Automation" name="firefox" time="147.839"/>
</testsuite> <!-- Default test -->
